<?xml version="1.0" encoding="UTF-8"?>
<coverage generated="1696862092497" clover="3.2.0">
  <project timestamp="1696862092497" name="All files">
    <metrics statements="143" coveredstatements="38" conditionals="58" coveredconditionals="9" methods="74" coveredmethods="14" elements="275" coveredelements="61" complexity="0" loc="143" ncloc="143" packages="3" files="12" classes="12"/>
    <package name="src">
      <metrics statements="3" coveredstatements="2" conditionals="4" coveredconditionals="2" methods="2" coveredmethods="1"/>
      <file name="App.tsx" path="C:\Users\Simon\Documents\GitHub\fixed-quizzer\src\App.tsx">
        <metrics statements="3" coveredstatements="2" conditionals="4" coveredconditionals="2" methods="2" coveredmethods="1"/>
        <line num="8" count="1" type="stmt"/>
        <line num="10" count="1" type="stmt"/>
        <line num="16" count="0" type="stmt"/>
      </file>
    </package>
    <package name="src.interfaces">
      <metrics statements="0" coveredstatements="0" conditionals="0" coveredconditionals="0" methods="0" coveredmethods="0"/>
      <file name="question.ts" path="C:\Users\Simon\Documents\GitHub\fixed-quizzer\src\interfaces\question.ts">
        <metrics statements="0" coveredstatements="0" conditionals="0" coveredconditionals="0" methods="0" coveredmethods="0"/>
      </file>
      <file name="quiz.ts" path="C:\Users\Simon\Documents\GitHub\fixed-quizzer\src\interfaces\quiz.ts">
        <metrics statements="0" coveredstatements="0" conditionals="0" coveredconditionals="0" methods="0" coveredmethods="0"/>
      </file>
    </package>
    <package name="src.quizzer">
      <metrics statements="140" coveredstatements="36" conditionals="54" coveredconditionals="7" methods="72" coveredmethods="13"/>
      <file name="AddQuizModal.tsx" path="C:\Users\Simon\Documents\GitHub\fixed-quizzer\src\quizzer\AddQuizModal.tsx">
        <metrics statements="14" coveredstatements="9" conditionals="0" coveredconditionals="0" methods="5" coveredmethods="2"/>
        <line num="4" count="2" type="stmt"/>
        <line num="14" count="5" type="stmt"/>
        <line num="15" count="5" type="stmt"/>
        <line num="17" count="5" type="stmt"/>
        <line num="18" count="1" type="stmt"/>
        <line num="19" count="1" type="stmt"/>
        <line num="20" count="1" type="stmt"/>
        <line num="21" count="1" type="stmt"/>
        <line num="24" count="5" type="stmt"/>
        <line num="37" count="0" type="stmt"/>
        <line num="46" count="0" type="stmt"/>
        <line num="54" count="0" type="stmt"/>
        <line num="55" count="0" type="stmt"/>
        <line num="56" count="0" type="stmt"/>
      </file>
      <file name="QuestionEdit.tsx" path="C:\Users\Simon\Documents\GitHub\fixed-quizzer\src\quizzer\QuestionEdit.tsx">
        <metrics statements="31" coveredstatements="1" conditionals="12" coveredconditionals="0" methods="15" coveredmethods="0"/>
        <line num="7" count="2" type="stmt"/>
        <line num="22" count="0" type="stmt"/>
        <line num="23" count="0" type="stmt"/>
        <line num="26" count="0" type="stmt"/>
        <line num="27" count="0" type="stmt"/>
        <line num="29" count="0" type="cond" truecount="0" falsecount="2"/>
        <line num="30" count="0" type="stmt"/>
        <line num="38" count="0" type="stmt"/>
        <line num="39" count="0" type="stmt"/>
        <line num="40" count="0" type="stmt"/>
        <line num="48" count="0" type="stmt"/>
        <line num="49" count="0" type="stmt"/>
        <line num="50" count="0" type="stmt"/>
        <line num="53" count="0" type="stmt"/>
        <line num="57" count="0" type="stmt"/>
        <line num="58" count="0" type="stmt"/>
        <line num="59" count="0" type="stmt"/>
        <line num="66" count="0" type="stmt"/>
        <line num="67" count="0" type="stmt"/>
        <line num="68" count="0" type="stmt"/>
        <line num="69" count="0" type="stmt"/>
        <line num="75" count="0" type="stmt"/>
        <line num="92" count="0" type="stmt"/>
        <line num="165" count="0" type="stmt"/>
        <line num="178" count="0" type="stmt"/>
        <line num="199" count="0" type="stmt"/>
        <line num="217" count="0" type="stmt"/>
        <line num="226" count="0" type="stmt"/>
        <line num="242" count="0" type="stmt"/>
        <line num="246" count="0" type="stmt"/>
        <line num="252" count="0" type="stmt"/>
      </file>
      <file name="QuizCard.tsx" path="C:\Users\Simon\Documents\GitHub\fixed-quizzer\src\quizzer\QuizCard.tsx">
        <metrics statements="5" coveredstatements="4" conditionals="5" coveredconditionals="4" methods="3" coveredmethods="2"/>
        <line num="7" count="2" type="stmt"/>
        <line num="14" count="26" type="stmt"/>
        <line num="16" count="100" type="cond" truecount="3" falsecount="0"/>
        <line num="19" count="26" type="stmt"/>
        <line num="25" count="0" type="stmt"/>
      </file>
      <file name="QuizEdit.tsx" path="C:\Users\Simon\Documents\GitHub\fixed-quizzer\src\quizzer\QuizEdit.tsx">
        <metrics statements="25" coveredstatements="1" conditionals="6" coveredconditionals="0" methods="15" coveredmethods="0"/>
        <line num="9" count="2" type="stmt"/>
        <line num="22" count="0" type="stmt"/>
        <line num="24" count="0" type="stmt"/>
        <line num="25" count="0" type="stmt"/>
        <line num="27" count="0" type="cond" truecount="0" falsecount="2"/>
        <line num="31" count="0" type="stmt"/>
        <line num="32" count="0" type="stmt"/>
        <line num="34" count="0" type="stmt"/>
        <line num="38" count="0" type="stmt"/>
        <line num="39" count="0" type="stmt"/>
        <line num="42" count="0" type="stmt"/>
        <line num="43" count="0" type="stmt"/>
        <line num="47" count="0" type="cond" truecount="0" falsecount="2"/>
        <line num="48" count="0" type="cond" truecount="0" falsecount="2"/>
        <line num="49" count="0" type="stmt"/>
        <line num="55" count="0" type="stmt"/>
        <line num="67" count="0" type="stmt"/>
        <line num="84" count="0" type="stmt"/>
        <line num="97" count="0" type="stmt"/>
        <line num="105" count="0" type="stmt"/>
        <line num="121" count="0" type="stmt"/>
        <line num="147" count="0" type="stmt"/>
        <line num="148" count="0" type="stmt"/>
        <line num="160" count="0" type="stmt"/>
        <line num="161" count="0" type="stmt"/>
      </file>
      <file name="QuizExpanded.tsx" path="C:\Users\Simon\Documents\GitHub\fixed-quizzer\src\quizzer\QuizExpanded.tsx">
        <metrics statements="26" coveredstatements="1" conditionals="7" coveredconditionals="0" methods="13" coveredmethods="0"/>
        <line num="9" count="2" type="stmt"/>
        <line num="20" count="0" type="stmt"/>
        <line num="22" count="0" type="cond" truecount="0" falsecount="3"/>
        <line num="25" count="0" type="stmt"/>
        <line num="26" count="0" type="stmt"/>
        <line num="30" count="0" type="stmt"/>
        <line num="31" count="0" type="stmt"/>
        <line num="32" count="0" type="stmt"/>
        <line num="33" count="0" type="stmt"/>
        <line num="36" count="0" type="stmt"/>
        <line num="37" count="0" type="stmt"/>
        <line num="41" count="0" type="stmt"/>
        <line num="42" count="0" type="stmt"/>
        <line num="45" count="0" type="stmt"/>
        <line num="46" count="0" type="stmt"/>
        <line num="47" count="0" type="stmt"/>
        <line num="50" count="0" type="stmt"/>
        <line num="54" count="0" type="stmt"/>
        <line num="57" count="0" type="stmt"/>
        <line num="58" count="0" type="stmt"/>
        <line num="60" count="0" type="stmt"/>
        <line num="67" count="0" type="stmt"/>
        <line num="82" count="0" type="stmt"/>
        <line num="83" count="0" type="stmt"/>
        <line num="99" count="0" type="stmt"/>
        <line num="105" count="0" type="stmt"/>
      </file>
      <file name="QuizList.tsx" path="C:\Users\Simon\Documents\GitHub\fixed-quizzer\src\quizzer\QuizList.tsx">
        <metrics statements="11" coveredstatements="8" conditionals="4" coveredconditionals="3" methods="5" coveredmethods="3"/>
        <line num="8" count="2" type="stmt"/>
        <line num="15" count="5" type="stmt"/>
        <line num="17" count="5" type="stmt"/>
        <line num="18" count="0" type="stmt"/>
        <line num="21" count="5" type="stmt"/>
        <line num="22" count="0" type="stmt"/>
        <line num="25" count="5" type="stmt"/>
        <line num="30" count="26" type="stmt"/>
        <line num="42" count="26" type="cond" truecount="1" falsecount="1"/>
        <line num="43" count="0" type="stmt"/>
        <line num="53" count="26" type="stmt"/>
      </file>
      <file name="QuizQuestion.tsx" path="C:\Users\Simon\Documents\GitHub\fixed-quizzer\src\quizzer\QuizQuestion.tsx">
        <metrics statements="10" coveredstatements="1" conditionals="14" coveredconditionals="0" methods="4" coveredmethods="0"/>
        <line num="8" count="2" type="stmt"/>
        <line num="23" count="0" type="stmt"/>
        <line num="24" count="0" type="cond" truecount="0" falsecount="2"/>
        <line num="25" count="0" type="stmt"/>
        <line num="29" count="0" type="stmt"/>
        <line num="30" count="0" type="stmt"/>
        <line num="31" count="0" type="cond" truecount="0" falsecount="2"/>
        <line num="32" count="0" type="stmt"/>
        <line num="36" count="0" type="stmt"/>
        <line num="62" count="0" type="stmt"/>
      </file>
      <file name="QuizView.tsx" path="C:\Users\Simon\Documents\GitHub\fixed-quizzer\src\quizzer\QuizView.tsx">
        <metrics statements="5" coveredstatements="1" conditionals="4" coveredconditionals="0" methods="2" coveredmethods="0"/>
        <line num="8" count="2" type="stmt"/>
        <line num="19" count="0" type="stmt"/>
        <line num="21" count="0" type="stmt"/>
        <line num="22" count="0" type="stmt"/>
        <line num="25" count="0" type="stmt"/>
      </file>
      <file name="Quizzer.tsx" path="C:\Users\Simon\Documents\GitHub\fixed-quizzer\src\quizzer\Quizzer.tsx">
        <metrics statements="13" coveredstatements="10" conditionals="2" coveredconditionals="0" methods="10" coveredmethods="6"/>
        <line num="10" count="2" type="stmt"/>
        <line num="11" count="10" type="stmt"/>
        <line num="14" count="40" type="stmt"/>
        <line num="23" count="2" type="stmt"/>
        <line num="24" count="5" type="stmt"/>
        <line num="25" count="5" type="stmt"/>
        <line num="28" count="0" type="stmt"/>
        <line num="29" count="0" type="cond" truecount="0" falsecount="2"/>
        <line num="34" count="1" type="stmt"/>
        <line num="38" count="0" type="stmt"/>
        <line num="41" count="5" type="stmt"/>
        <line num="42" count="5" type="stmt"/>
        <line num="44" count="5" type="stmt"/>
      </file>
    </package>
  </project>
</coverage>
