{"C:\\Users\\Simon\\Documents\\GitHub\\fixed-quizzer\\src\\App.tsx": {"path":"C:\\Users\\Simon\\Documents\\GitHub\\fixed-quizzer\\src\\App.tsx","statementMap":{"0":{"start":{"line":8,"column":34},"end":{"line":8,"column":57}},"1":{"start":{"line":10,"column":4},"end":{"line":26,"column":6}},"2":{"start":{"line":16,"column":24},"end":{"line":16,"column":45}}},"fnMap":{"0":{"name":"App","decl":{"start":{"line":7,"column":9},"end":{"line":7,"column":12}},"loc":{"start":{"line":7,"column":28},"end":{"line":27,"column":1}},"line":7},"1":{"name":"(anonymous_1)","decl":{"start":{"line":15,"column":29},"end":{"line":15,"column":30}},"loc":{"start":{"line":15,"column":35},"end":{"line":17,"column":21}},"line":15}},"branchMap":{"0":{"loc":{"start":{"line":19,"column":21},"end":{"line":19,"column":50}},"type":"cond-expr","locations":[{"start":{"line":19,"column":31},"end":{"line":19,"column":40}},{"start":{"line":19,"column":43},"end":{"line":19,"column":50}}],"line":19},"1":{"loc":{"start":{"line":22,"column":35},"end":{"line":22,"column":61}},"type":"cond-expr","locations":[{"start":{"line":22,"column":45},"end":{"line":22,"column":52}},{"start":{"line":22,"column":55},"end":{"line":22,"column":61}}],"line":22}},"s":{"0":1,"1":1,"2":0},"f":{"0":1,"1":0},"b":{"0":[1,0],"1":[1,0]},"_coverageSchema":"1a1c01bbd47fc00a2c39e90264f33305004495a9","hash":"bb61e9e2e243b68860eb6029394ee9246d348988"}
,"C:\\Users\\Simon\\Documents\\GitHub\\fixed-quizzer\\src\\interfaces\\question.ts": {"path":"C:\\Users\\Simon\\Documents\\GitHub\\fixed-quizzer\\src\\interfaces\\question.ts","statementMap":{},"fnMap":{},"branchMap":{},"s":{},"f":{},"b":{}}
,"C:\\Users\\Simon\\Documents\\GitHub\\fixed-quizzer\\src\\interfaces\\quiz.ts": {"path":"C:\\Users\\Simon\\Documents\\GitHub\\fixed-quizzer\\src\\interfaces\\quiz.ts","statementMap":{},"fnMap":{},"branchMap":{},"s":{},"f":{},"b":{}}
,"C:\\Users\\Simon\\Documents\\GitHub\\fixed-quizzer\\src\\quizzer\\AddQuizModal.tsx": {"path":"C:\\Users\\Simon\\Documents\\GitHub\\fixed-quizzer\\src\\quizzer\\AddQuizModal.tsx","statementMap":{"0":{"start":{"line":4,"column":28},"end":{"line":68,"column":1}},"1":{"start":{"line":14,"column":30},"end":{"line":14,"column":62}},"2":{"start":{"line":15,"column":28},"end":{"line":15,"column":67}},"3":{"start":{"line":17,"column":24},"end":{"line":22,"column":5}},"4":{"start":{"line":18,"column":8},"end":{"line":18,"column":29}},"5":{"start":{"line":19,"column":8},"end":{"line":19,"column":33}},"6":{"start":{"line":20,"column":8},"end":{"line":20,"column":39}},"7":{"start":{"line":21,"column":8},"end":{"line":21,"column":22}},"8":{"start":{"line":24,"column":4},"end":{"line":67,"column":6}},"9":{"start":{"line":37,"column":33},"end":{"line":37,"column":57}},"10":{"start":{"line":46,"column":33},"end":{"line":46,"column":56}},"11":{"start":{"line":54,"column":28},"end":{"line":54,"column":53}},"12":{"start":{"line":55,"column":28},"end":{"line":55,"column":59}},"13":{"start":{"line":56,"column":28},"end":{"line":56,"column":42}}},"fnMap":{"0":{"name":"(anonymous_0)","decl":{"start":{"line":4,"column":28},"end":{"line":4,"column":29}},"loc":{"start":{"line":12,"column":6},"end":{"line":68,"column":1}},"line":12},"1":{"name":"(anonymous_1)","decl":{"start":{"line":17,"column":24},"end":{"line":17,"column":25}},"loc":{"start":{"line":17,"column":36},"end":{"line":22,"column":5}},"line":17},"2":{"name":"(anonymous_2)","decl":{"start":{"line":35,"column":38},"end":{"line":35,"column":39}},"loc":{"start":{"line":37,"column":33},"end":{"line":37,"column":57}},"line":37},"3":{"name":"(anonymous_3)","decl":{"start":{"line":44,"column":38},"end":{"line":44,"column":39}},"loc":{"start":{"line":46,"column":33},"end":{"line":46,"column":56}},"line":46},"4":{"name":"(anonymous_4)","decl":{"start":{"line":53,"column":33},"end":{"line":53,"column":34}},"loc":{"start":{"line":53,"column":39},"end":{"line":57,"column":25}},"line":53}},"branchMap":{},"s":{"0":2,"1":5,"2":5,"3":5,"4":1,"5":1,"6":1,"7":1,"8":5,"9":0,"10":0,"11":0,"12":0,"13":0},"f":{"0":5,"1":1,"2":0,"3":0,"4":0},"b":{},"_coverageSchema":"1a1c01bbd47fc00a2c39e90264f33305004495a9","hash":"5a4666944aa2fa7b676462381e9c6088e07bb4b4"}
,"C:\\Users\\Simon\\Documents\\GitHub\\fixed-quizzer\\src\\quizzer\\QuestionEdit.tsx": {"path":"C:\\Users\\Simon\\Documents\\GitHub\\fixed-quizzer\\src\\quizzer\\QuestionEdit.tsx","statementMap":{"0":{"start":{"line":7,"column":28},"end":{"line":261,"column":1}},"1":{"start":{"line":22,"column":19},"end":{"line":24,"column":5}},"2":{"start":{"line":23,"column":50},"end":{"line":23,"column":73}},"3":{"start":{"line":26,"column":29},"end":{"line":36,"column":5}},"4":{"start":{"line":27,"column":8},"end":{"line":27,"column":13}},"5":{"start":{"line":29,"column":12},"end":{"line":29,"column":71}},"6":{"start":{"line":30,"column":8},"end":{"line":35,"column":11}},"7":{"start":{"line":38,"column":24},"end":{"line":46,"column":5}},"8":{"start":{"line":39,"column":8},"end":{"line":39,"column":13}},"9":{"start":{"line":40,"column":8},"end":{"line":45,"column":11}},"10":{"start":{"line":48,"column":25},"end":{"line":51,"column":5}},"11":{"start":{"line":49,"column":5},"end":{"line":49,"column":47}},"12":{"start":{"line":50,"column":8},"end":{"line":50,"column":44}},"13":{"start":{"line":53,"column":31},"end":{"line":64,"column":5}},"14":{"start":{"line":57,"column":27},"end":{"line":57,"column":48}},"15":{"start":{"line":58,"column":8},"end":{"line":58,"column":48}},"16":{"start":{"line":59,"column":8},"end":{"line":63,"column":11}},"17":{"start":{"line":66,"column":30},"end":{"line":73,"column":5}},"18":{"start":{"line":67,"column":20},"end":{"line":67,"column":44}},"19":{"start":{"line":68,"column":8},"end":{"line":68,"column":15}},"20":{"start":{"line":69,"column":8},"end":{"line":72,"column":11}},"21":{"start":{"line":75,"column":4},"end":{"line":260,"column":6}},"22":{"start":{"line":92,"column":36},"end":{"line":95,"column":39}},"23":{"start":{"line":165,"column":44},"end":{"line":168,"column":47}},"24":{"start":{"line":178,"column":44},"end":{"line":205,"column":50}},"25":{"start":{"line":199,"column":56},"end":{"line":202,"column":58}},"26":{"start":{"line":217,"column":32},"end":{"line":217,"column":63}},"27":{"start":{"line":226,"column":32},"end":{"line":226,"column":63}},"28":{"start":{"line":242,"column":28},"end":{"line":245,"column":31}},"29":{"start":{"line":246,"column":28},"end":{"line":246,"column":58}},"30":{"start":{"line":252,"column":28},"end":{"line":252,"column":56}}},"fnMap":{"0":{"name":"(anonymous_0)","decl":{"start":{"line":7,"column":28},"end":{"line":7,"column":29}},"loc":{"start":{"line":21,"column":6},"end":{"line":261,"column":1}},"line":21},"1":{"name":"(anonymous_1)","decl":{"start":{"line":23,"column":35},"end":{"line":23,"column":36}},"loc":{"start":{"line":23,"column":50},"end":{"line":23,"column":73}},"line":23},"2":{"name":"(anonymous_2)","decl":{"start":{"line":26,"column":29},"end":{"line":26,"column":30}},"loc":{"start":{"line":26,"column":79},"end":{"line":36,"column":5}},"line":26},"3":{"name":"(anonymous_3)","decl":{"start":{"line":38,"column":24},"end":{"line":38,"column":25}},"loc":{"start":{"line":38,"column":75},"end":{"line":46,"column":5}},"line":38},"4":{"name":"(anonymous_4)","decl":{"start":{"line":48,"column":25},"end":{"line":48,"column":26}},"loc":{"start":{"line":48,"column":75},"end":{"line":51,"column":5}},"line":48},"5":{"name":"(anonymous_5)","decl":{"start":{"line":53,"column":31},"end":{"line":53,"column":32}},"loc":{"start":{"line":56,"column":15},"end":{"line":64,"column":5}},"line":56},"6":{"name":"(anonymous_6)","decl":{"start":{"line":66,"column":30},"end":{"line":66,"column":31}},"loc":{"start":{"line":66,"column":80},"end":{"line":73,"column":5}},"line":66},"7":{"name":"(anonymous_7)","decl":{"start":{"line":89,"column":42},"end":{"line":89,"column":43}},"loc":{"start":{"line":91,"column":37},"end":{"line":96,"column":33}},"line":91},"8":{"name":"(anonymous_8)","decl":{"start":{"line":162,"column":50},"end":{"line":162,"column":51}},"loc":{"start":{"line":164,"column":45},"end":{"line":169,"column":41}},"line":164},"9":{"name":"(anonymous_9)","decl":{"start":{"line":177,"column":40},"end":{"line":177,"column":41}},"loc":{"start":{"line":178,"column":44},"end":{"line":205,"column":50}},"line":178},"10":{"name":"(anonymous_10)","decl":{"start":{"line":196,"column":62},"end":{"line":196,"column":63}},"loc":{"start":{"line":198,"column":57},"end":{"line":203,"column":53}},"line":198},"11":{"name":"(anonymous_11)","decl":{"start":{"line":216,"column":37},"end":{"line":216,"column":38}},"loc":{"start":{"line":216,"column":43},"end":{"line":218,"column":29}},"line":216},"12":{"name":"(anonymous_12)","decl":{"start":{"line":225,"column":37},"end":{"line":225,"column":38}},"loc":{"start":{"line":225,"column":43},"end":{"line":227,"column":29}},"line":225},"13":{"name":"(anonymous_13)","decl":{"start":{"line":241,"column":34},"end":{"line":241,"column":35}},"loc":{"start":{"line":241,"column":78},"end":{"line":247,"column":25}},"line":241},"14":{"name":"(anonymous_14)","decl":{"start":{"line":251,"column":33},"end":{"line":251,"column":34}},"loc":{"start":{"line":251,"column":39},"end":{"line":253,"column":25}},"line":251}},"branchMap":{"0":{"loc":{"start":{"line":29,"column":12},"end":{"line":29,"column":71}},"type":"cond-expr","locations":[{"start":{"line":29,"column":43},"end":{"line":29,"column":44}},{"start":{"line":29,"column":47},"end":{"line":29,"column":71}}],"line":29},"1":{"loc":{"start":{"line":62,"column":22},"end":{"line":62,"column":66}},"type":"cond-expr","locations":[{"start":{"line":62,"column":32},"end":{"line":62,"column":46}},{"start":{"line":62,"column":49},"end":{"line":62,"column":66}}],"line":62},"2":{"loc":{"start":{"line":111,"column":31},"end":{"line":111,"column":63}},"type":"cond-expr","locations":[{"start":{"line":111,"column":55},"end":{"line":111,"column":58}},{"start":{"line":111,"column":61},"end":{"line":111,"column":63}}],"line":111},"3":{"loc":{"start":{"line":142,"column":29},"end":{"line":154,"column":29}},"type":"binary-expr","locations":[{"start":{"line":142,"column":29},"end":{"line":142,"column":73}},{"start":{"line":143,"column":32},"end":{"line":153,"column":35}}],"line":142},"4":{"loc":{"start":{"line":157,"column":29},"end":{"line":172,"column":29}},"type":"binary-expr","locations":[{"start":{"line":157,"column":29},"end":{"line":157,"column":70}},{"start":{"line":158,"column":32},"end":{"line":171,"column":45}}],"line":157},"5":{"loc":{"start":{"line":173,"column":29},"end":{"line":209,"column":29}},"type":"binary-expr","locations":[{"start":{"line":173,"column":29},"end":{"line":173,"column":73}},{"start":{"line":174,"column":32},"end":{"line":208,"column":45}}],"line":173}},"s":{"0":2,"1":0,"2":0,"3":0,"4":0,"5":0,"6":0,"7":0,"8":0,"9":0,"10":0,"11":0,"12":0,"13":0,"14":0,"15":0,"16":0,"17":0,"18":0,"19":0,"20":0,"21":0,"22":0,"23":0,"24":0,"25":0,"26":0,"27":0,"28":0,"29":0,"30":0},"f":{"0":0,"1":0,"2":0,"3":0,"4":0,"5":0,"6":0,"7":0,"8":0,"9":0,"10":0,"11":0,"12":0,"13":0,"14":0},"b":{"0":[0,0],"1":[0,0],"2":[0,0],"3":[0,0],"4":[0,0],"5":[0,0]},"_coverageSchema":"1a1c01bbd47fc00a2c39e90264f33305004495a9","hash":"645eac198d85d15a66b627e512235a43a68b7d72"}
,"C:\\Users\\Simon\\Documents\\GitHub\\fixed-quizzer\\src\\quizzer\\QuizCard.tsx": {"path":"C:\\Users\\Simon\\Documents\\GitHub\\fixed-quizzer\\src\\quizzer\\QuizCard.tsx","statementMap":{"0":{"start":{"line":7,"column":24},"end":{"line":38,"column":1}},"1":{"start":{"line":14,"column":30},"end":{"line":17,"column":5}},"2":{"start":{"line":16,"column":12},"end":{"line":16,"column":62}},"3":{"start":{"line":19,"column":4},"end":{"line":37,"column":6}},"4":{"start":{"line":25,"column":24},"end":{"line":25,"column":45}}},"fnMap":{"0":{"name":"(anonymous_0)","decl":{"start":{"line":7,"column":24},"end":{"line":7,"column":25}},"loc":{"start":{"line":13,"column":6},"end":{"line":38,"column":1}},"line":13},"1":{"name":"(anonymous_1)","decl":{"start":{"line":15,"column":8},"end":{"line":15,"column":9}},"loc":{"start":{"line":16,"column":12},"end":{"line":16,"column":62}},"line":16},"2":{"name":"(anonymous_2)","decl":{"start":{"line":24,"column":29},"end":{"line":24,"column":30}},"loc":{"start":{"line":24,"column":35},"end":{"line":26,"column":21}},"line":24}},"branchMap":{"0":{"loc":{"start":{"line":16,"column":12},"end":{"line":16,"column":62}},"type":"binary-expr","locations":[{"start":{"line":16,"column":13},"end":{"line":16,"column":27}},{"start":{"line":16,"column":31},"end":{"line":16,"column":42}},{"start":{"line":16,"column":47},"end":{"line":16,"column":62}}],"line":16},"1":{"loc":{"start":{"line":32,"column":21},"end":{"line":32,"column":62}},"type":"cond-expr","locations":[{"start":{"line":32,"column":54},"end":{"line":32,"column":57}},{"start":{"line":32,"column":60},"end":{"line":32,"column":62}}],"line":32}},"s":{"0":2,"1":26,"2":100,"3":26,"4":0},"f":{"0":26,"1":100,"2":0},"b":{"0":[100,85,45],"1":[26,0]},"_coverageSchema":"1a1c01bbd47fc00a2c39e90264f33305004495a9","hash":"759eb6148002ebdd6dc038d48ac4189bc0d3a58a"}
,"C:\\Users\\Simon\\Documents\\GitHub\\fixed-quizzer\\src\\quizzer\\QuizEdit.tsx": {"path":"C:\\Users\\Simon\\Documents\\GitHub\\fixed-quizzer\\src\\quizzer\\QuizEdit.tsx","statementMap":{"0":{"start":{"line":9,"column":24},"end":{"line":170,"column":1}},"1":{"start":{"line":22,"column":34},"end":{"line":22,"column":61}},"2":{"start":{"line":24,"column":25},"end":{"line":29,"column":5}},"3":{"start":{"line":25,"column":8},"end":{"line":28,"column":11}},"4":{"start":{"line":27,"column":78},"end":{"line":27,"column":115}},"5":{"start":{"line":31,"column":27},"end":{"line":36,"column":5}},"6":{"start":{"line":32,"column":8},"end":{"line":35,"column":11}},"7":{"start":{"line":34,"column":87},"end":{"line":34,"column":113}},"8":{"start":{"line":38,"column":24},"end":{"line":40,"column":5}},"9":{"start":{"line":39,"column":8},"end":{"line":39,"column":42}},"10":{"start":{"line":42,"column":25},"end":{"line":53,"column":5}},"11":{"start":{"line":43,"column":8},"end":{"line":52,"column":11}},"12":{"start":{"line":47,"column":20},"end":{"line":47,"column":72}},"13":{"start":{"line":47,"column":38},"end":{"line":47,"column":72}},"14":{"start":{"line":48,"column":20},"end":{"line":48,"column":72}},"15":{"start":{"line":48,"column":38},"end":{"line":48,"column":72}},"16":{"start":{"line":49,"column":20},"end":{"line":49,"column":29}},"17":{"start":{"line":55,"column":4},"end":{"line":169,"column":6}},"18":{"start":{"line":67,"column":36},"end":{"line":70,"column":38}},"19":{"start":{"line":84,"column":32},"end":{"line":87,"column":35}},"20":{"start":{"line":97,"column":28},"end":{"line":97,"column":76}},"21":{"start":{"line":105,"column":20},"end":{"line":113,"column":36}},"22":{"start":{"line":121,"column":24},"end":{"line":136,"column":27}},"23":{"start":{"line":147,"column":32},"end":{"line":147,"column":46}},"24":{"start":{"line":148,"column":32},"end":{"line":148,"column":45}},"25":{"start":{"line":160,"column":28},"end":{"line":160,"column":48}},"26":{"start":{"line":161,"column":28},"end":{"line":161,"column":40}}},"fnMap":{"0":{"name":"(anonymous_0)","decl":{"start":{"line":9,"column":24},"end":{"line":9,"column":25}},"loc":{"start":{"line":21,"column":6},"end":{"line":170,"column":1}},"line":21},"1":{"name":"(anonymous_1)","decl":{"start":{"line":24,"column":25},"end":{"line":24,"column":26}},"loc":{"start":{"line":24,"column":78},"end":{"line":29,"column":5}},"line":24},"2":{"name":"(anonymous_2)","decl":{"start":{"line":27,"column":51},"end":{"line":27,"column":52}},"loc":{"start":{"line":27,"column":78},"end":{"line":27,"column":115}},"line":27},"3":{"name":"(anonymous_3)","decl":{"start":{"line":31,"column":27},"end":{"line":31,"column":28}},"loc":{"start":{"line":31,"column":57},"end":{"line":36,"column":5}},"line":31},"4":{"name":"(anonymous_4)","decl":{"start":{"line":34,"column":54},"end":{"line":34,"column":55}},"loc":{"start":{"line":34,"column":87},"end":{"line":34,"column":113}},"line":34},"5":{"name":"(anonymous_5)","decl":{"start":{"line":38,"column":24},"end":{"line":38,"column":25}},"loc":{"start":{"line":38,"column":36},"end":{"line":40,"column":5}},"line":38},"6":{"name":"(anonymous_6)","decl":{"start":{"line":42,"column":25},"end":{"line":42,"column":26}},"loc":{"start":{"line":42,"column":63},"end":{"line":53,"column":5}},"line":42},"7":{"name":"(anonymous_7)","decl":{"start":{"line":46,"column":16},"end":{"line":46,"column":17}},"loc":{"start":{"line":46,"column":56},"end":{"line":50,"column":17}},"line":46},"8":{"name":"(anonymous_8)","decl":{"start":{"line":64,"column":42},"end":{"line":64,"column":43}},"loc":{"start":{"line":67,"column":36},"end":{"line":70,"column":38}},"line":67},"9":{"name":"(anonymous_9)","decl":{"start":{"line":81,"column":38},"end":{"line":81,"column":39}},"loc":{"start":{"line":83,"column":33},"end":{"line":88,"column":29}},"line":83},"10":{"name":"(anonymous_10)","decl":{"start":{"line":96,"column":34},"end":{"line":96,"column":35}},"loc":{"start":{"line":97,"column":28},"end":{"line":97,"column":76}},"line":97},"11":{"name":"(anonymous_11)","decl":{"start":{"line":104,"column":42},"end":{"line":104,"column":43}},"loc":{"start":{"line":105,"column":20},"end":{"line":113,"column":36}},"line":105},"12":{"name":"(anonymous_12)","decl":{"start":{"line":120,"column":29},"end":{"line":120,"column":30}},"loc":{"start":{"line":120,"column":35},"end":{"line":137,"column":21}},"line":120},"13":{"name":"(anonymous_13)","decl":{"start":{"line":146,"column":37},"end":{"line":146,"column":38}},"loc":{"start":{"line":146,"column":43},"end":{"line":149,"column":29}},"line":146},"14":{"name":"(anonymous_14)","decl":{"start":{"line":159,"column":33},"end":{"line":159,"column":34}},"loc":{"start":{"line":159,"column":39},"end":{"line":162,"column":25}},"line":159}},"branchMap":{"0":{"loc":{"start":{"line":27,"column":78},"end":{"line":27,"column":115}},"type":"cond-expr","locations":[{"start":{"line":27,"column":100},"end":{"line":27,"column":111}},{"start":{"line":27,"column":114},"end":{"line":27,"column":115}}],"line":27},"1":{"loc":{"start":{"line":47,"column":20},"end":{"line":47,"column":72}},"type":"if","locations":[{"start":{"line":47,"column":20},"end":{"line":47,"column":72}},{"start":{},"end":{}}],"line":47},"2":{"loc":{"start":{"line":48,"column":20},"end":{"line":48,"column":72}},"type":"if","locations":[{"start":{"line":48,"column":20},"end":{"line":48,"column":72}},{"start":{},"end":{}}],"line":48}},"s":{"0":2,"1":0,"2":0,"3":0,"4":0,"5":0,"6":0,"7":0,"8":0,"9":0,"10":0,"11":0,"12":0,"13":0,"14":0,"15":0,"16":0,"17":0,"18":0,"19":0,"20":0,"21":0,"22":0,"23":0,"24":0,"25":0,"26":0},"f":{"0":0,"1":0,"2":0,"3":0,"4":0,"5":0,"6":0,"7":0,"8":0,"9":0,"10":0,"11":0,"12":0,"13":0,"14":0},"b":{"0":[0,0],"1":[0,0],"2":[0,0]},"_coverageSchema":"1a1c01bbd47fc00a2c39e90264f33305004495a9","hash":"306bf204d55c81a374d5bc6625d37692d7e31c60"}
,"C:\\Users\\Simon\\Documents\\GitHub\\fixed-quizzer\\src\\quizzer\\QuizExpanded.tsx": {"path":"C:\\Users\\Simon\\Documents\\GitHub\\fixed-quizzer\\src\\quizzer\\QuizExpanded.tsx","statementMap":{"0":{"start":{"line":9,"column":28},"end":{"line":120,"column":1}},"1":{"start":{"line":20,"column":30},"end":{"line":23,"column":5}},"2":{"start":{"line":22,"column":12},"end":{"line":22,"column":62}},"3":{"start":{"line":25,"column":20},"end":{"line":25,"column":39}},"4":{"start":{"line":26,"column":38},"end":{"line":28,"column":5}},"5":{"start":{"line":30,"column":33},"end":{"line":34,"column":5}},"6":{"start":{"line":31,"column":29},"end":{"line":31,"column":43}},"7":{"start":{"line":32,"column":8},"end":{"line":32,"column":44}},"8":{"start":{"line":33,"column":8},"end":{"line":33,"column":35}},"9":{"start":{"line":36,"column":24},"end":{"line":39,"column":5}},"10":{"start":{"line":37,"column":47},"end":{"line":37,"column":62}},"11":{"start":{"line":41,"column":22},"end":{"line":43,"column":5}},"12":{"start":{"line":42,"column":8},"end":{"line":42,"column":41}},"13":{"start":{"line":42,"column":26},"end":{"line":42,"column":39}},"14":{"start":{"line":45,"column":18},"end":{"line":55,"column":5}},"15":{"start":{"line":46,"column":8},"end":{"line":46,"column":58}},"16":{"start":{"line":47,"column":8},"end":{"line":52,"column":11}},"17":{"start":{"line":50,"column":44},"end":{"line":50,"column":68}},"18":{"start":{"line":54,"column":8},"end":{"line":54,"column":14}},"19":{"start":{"line":57,"column":28},"end":{"line":65,"column":5}},"20":{"start":{"line":58,"column":8},"end":{"line":64,"column":11}},"21":{"start":{"line":60,"column":79},"end":{"line":63,"column":13}},"22":{"start":{"line":67,"column":4},"end":{"line":119,"column":6}},"23":{"start":{"line":82,"column":28},"end":{"line":82,"column":36}},"24":{"start":{"line":83,"column":28},"end":{"line":83,"column":41}},"25":{"start":{"line":99,"column":16},"end":{"line":107,"column":32}},"26":{"start":{"line":105,"column":37},"end":{"line":105,"column":56}}},"fnMap":{"0":{"name":"(anonymous_0)","decl":{"start":{"line":9,"column":28},"end":{"line":9,"column":29}},"loc":{"start":{"line":19,"column":6},"end":{"line":120,"column":1}},"line":19},"1":{"name":"(anonymous_1)","decl":{"start":{"line":21,"column":8},"end":{"line":21,"column":9}},"loc":{"start":{"line":22,"column":12},"end":{"line":22,"column":62}},"line":22},"2":{"name":"(anonymous_2)","decl":{"start":{"line":30,"column":33},"end":{"line":30,"column":34}},"loc":{"start":{"line":30,"column":58},"end":{"line":34,"column":5}},"line":30},"3":{"name":"(anonymous_3)","decl":{"start":{"line":37,"column":8},"end":{"line":37,"column":9}},"loc":{"start":{"line":37,"column":47},"end":{"line":37,"column":62}},"line":37},"4":{"name":"(anonymous_4)","decl":{"start":{"line":41,"column":22},"end":{"line":41,"column":23}},"loc":{"start":{"line":41,"column":43},"end":{"line":43,"column":5}},"line":41},"5":{"name":"(anonymous_5)","decl":{"start":{"line":42,"column":11},"end":{"line":42,"column":12}},"loc":{"start":{"line":42,"column":26},"end":{"line":42,"column":39}},"line":42},"6":{"name":"(anonymous_6)","decl":{"start":{"line":45,"column":18},"end":{"line":45,"column":19}},"loc":{"start":{"line":45,"column":30},"end":{"line":55,"column":5}},"line":45},"7":{"name":"(anonymous_7)","decl":{"start":{"line":50,"column":16},"end":{"line":50,"column":17}},"loc":{"start":{"line":50,"column":44},"end":{"line":50,"column":68}},"line":50},"8":{"name":"(anonymous_8)","decl":{"start":{"line":57,"column":28},"end":{"line":57,"column":29}},"loc":{"start":{"line":57,"column":71},"end":{"line":65,"column":5}},"line":57},"9":{"name":"(anonymous_9)","decl":{"start":{"line":60,"column":48},"end":{"line":60,"column":49}},"loc":{"start":{"line":60,"column":79},"end":{"line":63,"column":13}},"line":60},"10":{"name":"(anonymous_10)","decl":{"start":{"line":81,"column":33},"end":{"line":81,"column":34}},"loc":{"start":{"line":81,"column":39},"end":{"line":84,"column":25}},"line":81},"11":{"name":"(anonymous_11)","decl":{"start":{"line":98,"column":35},"end":{"line":98,"column":36}},"loc":{"start":{"line":99,"column":16},"end":{"line":107,"column":32}},"line":99},"12":{"name":"(anonymous_12)","decl":{"start":{"line":105,"column":31},"end":{"line":105,"column":32}},"loc":{"start":{"line":105,"column":37},"end":{"line":105,"column":56}},"line":105}},"branchMap":{"0":{"loc":{"start":{"line":22,"column":12},"end":{"line":22,"column":62}},"type":"binary-expr","locations":[{"start":{"line":22,"column":13},"end":{"line":22,"column":27}},{"start":{"line":22,"column":31},"end":{"line":22,"column":42}},{"start":{"line":22,"column":47},"end":{"line":22,"column":62}}],"line":22},"1":{"loc":{"start":{"line":62,"column":28},"end":{"line":62,"column":74}},"type":"cond-expr","locations":[{"start":{"line":62,"column":53},"end":{"line":62,"column":56}},{"start":{"line":62,"column":59},"end":{"line":62,"column":74}}],"line":62},"2":{"loc":{"start":{"line":74,"column":25},"end":{"line":74,"column":66}},"type":"cond-expr","locations":[{"start":{"line":74,"column":58},"end":{"line":74,"column":61}},{"start":{"line":74,"column":64},"end":{"line":74,"column":66}}],"line":74}},"s":{"0":2,"1":0,"2":0,"3":0,"4":0,"5":0,"6":0,"7":0,"8":0,"9":0,"10":0,"11":0,"12":0,"13":0,"14":0,"15":0,"16":0,"17":0,"18":0,"19":0,"20":0,"21":0,"22":0,"23":0,"24":0,"25":0,"26":0},"f":{"0":0,"1":0,"2":0,"3":0,"4":0,"5":0,"6":0,"7":0,"8":0,"9":0,"10":0,"11":0,"12":0},"b":{"0":[0,0,0],"1":[0,0],"2":[0,0]},"_coverageSchema":"1a1c01bbd47fc00a2c39e90264f33305004495a9","hash":"4b168da8c89a362fce481e3d1fd1a8b4fdca4ecf"}
,"C:\\Users\\Simon\\Documents\\GitHub\\fixed-quizzer\\src\\quizzer\\QuizList.tsx": {"path":"C:\\Users\\Simon\\Documents\\GitHub\\fixed-quizzer\\src\\quizzer\\QuizList.tsx","statementMap":{"0":{"start":{"line":8,"column":24},"end":{"line":57,"column":1}},"1":{"start":{"line":15,"column":38},"end":{"line":15,"column":67}},"2":{"start":{"line":17,"column":27},"end":{"line":19,"column":5}},"3":{"start":{"line":18,"column":8},"end":{"line":18,"column":25}},"4":{"start":{"line":21,"column":26},"end":{"line":23,"column":5}},"5":{"start":{"line":22,"column":8},"end":{"line":22,"column":27}},"6":{"start":{"line":25,"column":4},"end":{"line":56,"column":6}},"7":{"start":{"line":30,"column":24},"end":{"line":34,"column":36}},"8":{"start":{"line":42,"column":16},"end":{"line":52,"column":17}},"9":{"start":{"line":43,"column":20},"end":{"line":51,"column":22}},"10":{"start":{"line":53,"column":16},"end":{"line":53,"column":28}}},"fnMap":{"0":{"name":"(anonymous_0)","decl":{"start":{"line":8,"column":24},"end":{"line":8,"column":25}},"loc":{"start":{"line":13,"column":134},"end":{"line":57,"column":1}},"line":13},"1":{"name":"(anonymous_1)","decl":{"start":{"line":17,"column":27},"end":{"line":17,"column":28}},"loc":{"start":{"line":17,"column":49},"end":{"line":19,"column":5}},"line":17},"2":{"name":"(anonymous_2)","decl":{"start":{"line":21,"column":26},"end":{"line":21,"column":27}},"loc":{"start":{"line":21,"column":38},"end":{"line":23,"column":5}},"line":21},"3":{"name":"(anonymous_3)","decl":{"start":{"line":29,"column":33},"end":{"line":29,"column":34}},"loc":{"start":{"line":30,"column":24},"end":{"line":34,"column":36}},"line":30},"4":{"name":"(anonymous_4)","decl":{"start":{"line":41,"column":25},"end":{"line":41,"column":26}},"loc":{"start":{"line":41,"column":61},"end":{"line":54,"column":13}},"line":41}},"branchMap":{"0":{"loc":{"start":{"line":27,"column":13},"end":{"line":40,"column":13}},"type":"binary-expr","locations":[{"start":{"line":27,"column":13},"end":{"line":27,"column":23}},{"start":{"line":28,"column":16},"end":{"line":39,"column":19}}],"line":27},"1":{"loc":{"start":{"line":42,"column":16},"end":{"line":52,"column":17}},"type":"if","locations":[{"start":{"line":42,"column":16},"end":{"line":52,"column":17}},{"start":{},"end":{}}],"line":42}},"s":{"0":2,"1":5,"2":5,"3":0,"4":5,"5":0,"6":5,"7":26,"8":26,"9":0,"10":26},"f":{"0":5,"1":0,"2":0,"3":26,"4":26},"b":{"0":[5,5],"1":[0,26]},"_coverageSchema":"1a1c01bbd47fc00a2c39e90264f33305004495a9","hash":"34e4d98c9a6aa84567a14e8f2c8b1dbf25d772df"}
,"C:\\Users\\Simon\\Documents\\GitHub\\fixed-quizzer\\src\\quizzer\\QuizQuestion.tsx": {"path":"C:\\Users\\Simon\\Documents\\GitHub\\fixed-quizzer\\src\\quizzer\\QuizQuestion.tsx","statementMap":{"0":{"start":{"line":8,"column":28},"end":{"line":93,"column":1}},"1":{"start":{"line":23,"column":24},"end":{"line":27,"column":5}},"2":{"start":{"line":24,"column":8},"end":{"line":26,"column":9}},"3":{"start":{"line":25,"column":12},"end":{"line":25,"column":57}},"4":{"start":{"line":29,"column":30},"end":{"line":34,"column":5}},"5":{"start":{"line":30,"column":8},"end":{"line":30,"column":28}},"6":{"start":{"line":31,"column":8},"end":{"line":33,"column":9}},"7":{"start":{"line":32,"column":12},"end":{"line":32,"column":25}},"8":{"start":{"line":36,"column":4},"end":{"line":92,"column":6}},"9":{"start":{"line":62,"column":36},"end":{"line":70,"column":38}}},"fnMap":{"0":{"name":"(anonymous_0)","decl":{"start":{"line":8,"column":28},"end":{"line":8,"column":29}},"loc":{"start":{"line":22,"column":6},"end":{"line":93,"column":1}},"line":22},"1":{"name":"(anonymous_1)","decl":{"start":{"line":23,"column":24},"end":{"line":23,"column":25}},"loc":{"start":{"line":23,"column":50},"end":{"line":27,"column":5}},"line":23},"2":{"name":"(anonymous_2)","decl":{"start":{"line":29,"column":30},"end":{"line":29,"column":31}},"loc":{"start":{"line":29,"column":42},"end":{"line":34,"column":5}},"line":29},"3":{"name":"(anonymous_3)","decl":{"start":{"line":61,"column":32},"end":{"line":61,"column":33}},"loc":{"start":{"line":62,"column":36},"end":{"line":70,"column":38}},"line":62}},"branchMap":{"0":{"loc":{"start":{"line":24,"column":8},"end":{"line":26,"column":9}},"type":"if","locations":[{"start":{"line":24,"column":8},"end":{"line":26,"column":9}},{"start":{},"end":{}}],"line":24},"1":{"loc":{"start":{"line":31,"column":8},"end":{"line":33,"column":9}},"type":"if","locations":[{"start":{"line":31,"column":8},"end":{"line":33,"column":9}},{"start":{},"end":{}}],"line":31},"2":{"loc":{"start":{"line":45,"column":45},"end":{"line":45,"column":77}},"type":"cond-expr","locations":[{"start":{"line":45,"column":69},"end":{"line":45,"column":72}},{"start":{"line":45,"column":75},"end":{"line":45,"column":77}}],"line":45},"3":{"loc":{"start":{"line":49,"column":21},"end":{"line":57,"column":21}},"type":"binary-expr","locations":[{"start":{"line":49,"column":21},"end":{"line":49,"column":62}},{"start":{"line":50,"column":24},"end":{"line":56,"column":37}}],"line":49},"4":{"loc":{"start":{"line":58,"column":21},"end":{"line":74,"column":21}},"type":"binary-expr","locations":[{"start":{"line":58,"column":21},"end":{"line":58,"column":65}},{"start":{"line":59,"column":24},"end":{"line":73,"column":30}}],"line":58},"5":{"loc":{"start":{"line":76,"column":39},"end":{"line":76,"column":64}},"type":"cond-expr","locations":[{"start":{"line":76,"column":51},"end":{"line":76,"column":53}},{"start":{"line":76,"column":56},"end":{"line":76,"column":64}}],"line":76},"6":{"loc":{"start":{"line":77,"column":29},"end":{"line":79,"column":37}},"type":"cond-expr","locations":[{"start":{"line":78,"column":34},"end":{"line":78,"column":38}},{"start":{"line":79,"column":34},"end":{"line":79,"column":37}}],"line":77}},"s":{"0":2,"1":0,"2":0,"3":0,"4":0,"5":0,"6":0,"7":0,"8":0,"9":0},"f":{"0":0,"1":0,"2":0,"3":0},"b":{"0":[0,0],"1":[0,0],"2":[0,0],"3":[0,0],"4":[0,0],"5":[0,0],"6":[0,0]},"_coverageSchema":"1a1c01bbd47fc00a2c39e90264f33305004495a9","hash":"719ceaadc7b47b581f5eb459eaf658b0d20aa6d8"}
,"C:\\Users\\Simon\\Documents\\GitHub\\fixed-quizzer\\src\\quizzer\\QuizView.tsx": {"path":"C:\\Users\\Simon\\Documents\\GitHub\\fixed-quizzer\\src\\quizzer\\QuizView.tsx","statementMap":{"0":{"start":{"line":8,"column":24},"end":{"line":46,"column":1}},"1":{"start":{"line":19,"column":28},"end":{"line":19,"column":43}},"2":{"start":{"line":21,"column":23},"end":{"line":23,"column":5}},"3":{"start":{"line":22,"column":8},"end":{"line":22,"column":23}},"4":{"start":{"line":25,"column":4},"end":{"line":45,"column":6}}},"fnMap":{"0":{"name":"(anonymous_0)","decl":{"start":{"line":8,"column":24},"end":{"line":8,"column":25}},"loc":{"start":{"line":18,"column":6},"end":{"line":46,"column":1}},"line":18},"1":{"name":"(anonymous_1)","decl":{"start":{"line":21,"column":23},"end":{"line":21,"column":24}},"loc":{"start":{"line":21,"column":35},"end":{"line":23,"column":5}},"line":21}},"branchMap":{"0":{"loc":{"start":{"line":27,"column":13},"end":{"line":35,"column":13}},"type":"binary-expr","locations":[{"start":{"line":27,"column":13},"end":{"line":27,"column":17}},{"start":{"line":28,"column":16},"end":{"line":34,"column":28}}],"line":27},"1":{"loc":{"start":{"line":36,"column":13},"end":{"line":43,"column":13}},"type":"binary-expr","locations":[{"start":{"line":36,"column":13},"end":{"line":36,"column":18}},{"start":{"line":37,"column":16},"end":{"line":42,"column":32}}],"line":36}},"s":{"0":2,"1":0,"2":0,"3":0,"4":0},"f":{"0":0,"1":0},"b":{"0":[0,0],"1":[0,0]},"_coverageSchema":"1a1c01bbd47fc00a2c39e90264f33305004495a9","hash":"6e51451dc62adc792c02fcb03780ddcde25cd573"}
,"C:\\Users\\Simon\\Documents\\GitHub\\fixed-quizzer\\src\\quizzer\\Quizzer.tsx": {"path":"C:\\Users\\Simon\\Documents\\GitHub\\fixed-quizzer\\src\\quizzer\\Quizzer.tsx","statementMap":{"0":{"start":{"line":10,"column":16},"end":{"line":21,"column":1}},"1":{"start":{"line":11,"column":21},"end":{"line":20,"column":5}},"2":{"start":{"line":14,"column":30},"end":{"line":18,"column":13}},"3":{"start":{"line":23,"column":23},"end":{"line":108,"column":1}},"4":{"start":{"line":24,"column":34},"end":{"line":24,"column":59}},"5":{"start":{"line":25,"column":44},"end":{"line":25,"column":59}},"6":{"start":{"line":28,"column":8},"end":{"line":30,"column":10}},"7":{"start":{"line":29,"column":44},"end":{"line":29,"column":70}},"8":{"start":{"line":34,"column":8},"end":{"line":34,"column":95}},"9":{"start":{"line":38,"column":8},"end":{"line":38,"column":71}},"10":{"start":{"line":38,"column":56},"end":{"line":38,"column":68}},"11":{"start":{"line":41,"column":28},"end":{"line":41,"column":61}},"12":{"start":{"line":41,"column":40},"end":{"line":41,"column":61}},"13":{"start":{"line":42,"column":29},"end":{"line":42,"column":63}},"14":{"start":{"line":42,"column":41},"end":{"line":42,"column":63}},"15":{"start":{"line":44,"column":4},"end":{"line":107,"column":6}}},"fnMap":{"0":{"name":"(anonymous_0)","decl":{"start":{"line":11,"column":4},"end":{"line":11,"column":5}},"loc":{"start":{"line":11,"column":21},"end":{"line":20,"column":5}},"line":11},"1":{"name":"(anonymous_1)","decl":{"start":{"line":14,"column":12},"end":{"line":14,"column":13}},"loc":{"start":{"line":14,"column":30},"end":{"line":18,"column":13}},"line":14},"2":{"name":"(anonymous_2)","decl":{"start":{"line":23,"column":23},"end":{"line":23,"column":24}},"loc":{"start":{"line":23,"column":29},"end":{"line":108,"column":1}},"line":23},"3":{"name":"editQuiz","decl":{"start":{"line":27,"column":13},"end":{"line":27,"column":21}},"loc":{"start":{"line":27,"column":56},"end":{"line":31,"column":5}},"line":27},"4":{"name":"(anonymous_4)","decl":{"start":{"line":29,"column":24},"end":{"line":29,"column":25}},"loc":{"start":{"line":29,"column":44},"end":{"line":29,"column":70}},"line":29},"5":{"name":"addQuiz","decl":{"start":{"line":33,"column":13},"end":{"line":33,"column":20}},"loc":{"start":{"line":33,"column":56},"end":{"line":35,"column":5}},"line":33},"6":{"name":"deleteQuiz","decl":{"start":{"line":37,"column":13},"end":{"line":37,"column":23}},"loc":{"start":{"line":37,"column":43},"end":{"line":39,"column":5}},"line":37},"7":{"name":"(anonymous_7)","decl":{"start":{"line":38,"column":34},"end":{"line":38,"column":35}},"loc":{"start":{"line":38,"column":56},"end":{"line":38,"column":68}},"line":38},"8":{"name":"(anonymous_8)","decl":{"start":{"line":41,"column":28},"end":{"line":41,"column":29}},"loc":{"start":{"line":41,"column":40},"end":{"line":41,"column":61}},"line":41},"9":{"name":"(anonymous_9)","decl":{"start":{"line":42,"column":29},"end":{"line":42,"column":30}},"loc":{"start":{"line":42,"column":41},"end":{"line":42,"column":63}},"line":42}},"branchMap":{"0":{"loc":{"start":{"line":29,"column":44},"end":{"line":29,"column":70}},"type":"cond-expr","locations":[{"start":{"line":29,"column":59},"end":{"line":29,"column":66}},{"start":{"line":29,"column":69},"end":{"line":29,"column":70}}],"line":29}},"s":{"0":2,"1":10,"2":40,"3":2,"4":5,"5":5,"6":0,"7":0,"8":1,"9":0,"10":0,"11":5,"12":1,"13":5,"14":1,"15":5},"f":{"0":10,"1":40,"2":5,"3":0,"4":0,"5":1,"6":0,"7":0,"8":1,"9":1},"b":{"0":[0,0]},"_coverageSchema":"1a1c01bbd47fc00a2c39e90264f33305004495a9","hash":"4ab1160356b58bd3f9c2980def08b274312b933d"}
}
