TN:
SF:src\App.tsx
FN:7,App
FN:15,(anonymous_1)
FNF:2
FNH:1
FNDA:1,App
FNDA:0,(anonymous_1)
DA:8,1
DA:10,1
DA:16,0
LF:3
LH:2
BRDA:19,0,0,1
BRDA:19,0,1,0
BRDA:22,1,0,1
BRDA:22,1,1,0
BRF:4
BRH:2
end_of_record
TN:
SF:src\interfaces\question.ts
FNF:0
FNH:0
LF:0
LH:0
BRF:0
BRH:0
end_of_record
TN:
SF:src\interfaces\quiz.ts
FNF:0
FNH:0
LF:0
LH:0
BRF:0
BRH:0
end_of_record
TN:
SF:src\quizzer\AddQuizModal.tsx
FN:4,(anonymous_0)
FN:17,(anonymous_1)
FN:35,(anonymous_2)
FN:44,(anonymous_3)
FN:53,(anonymous_4)
FNF:5
FNH:2
FNDA:5,(anonymous_0)
FNDA:1,(anonymous_1)
FNDA:0,(anonymous_2)
FNDA:0,(anonymous_3)
FNDA:0,(anonymous_4)
DA:4,2
DA:14,5
DA:15,5
DA:17,5
DA:18,1
DA:19,1
DA:20,1
DA:21,1
DA:24,5
DA:37,0
DA:46,0
DA:54,0
DA:55,0
DA:56,0
LF:14
LH:9
BRF:0
BRH:0
end_of_record
TN:
SF:src\quizzer\QuestionEdit.tsx
FN:7,(anonymous_0)
FN:23,(anonymous_1)
FN:26,(anonymous_2)
FN:38,(anonymous_3)
FN:48,(anonymous_4)
FN:53,(anonymous_5)
FN:66,(anonymous_6)
FN:89,(anonymous_7)
FN:162,(anonymous_8)
FN:177,(anonymous_9)
FN:196,(anonymous_10)
FN:216,(anonymous_11)
FN:225,(anonymous_12)
FN:241,(anonymous_13)
FN:251,(anonymous_14)
FNF:15
FNH:0
FNDA:0,(anonymous_0)
FNDA:0,(anonymous_1)
FNDA:0,(anonymous_2)
FNDA:0,(anonymous_3)
FNDA:0,(anonymous_4)
FNDA:0,(anonymous_5)
FNDA:0,(anonymous_6)
FNDA:0,(anonymous_7)
FNDA:0,(anonymous_8)
FNDA:0,(anonymous_9)
FNDA:0,(anonymous_10)
FNDA:0,(anonymous_11)
FNDA:0,(anonymous_12)
FNDA:0,(anonymous_13)
FNDA:0,(anonymous_14)
DA:7,2
DA:22,0
DA:23,0
DA:26,0
DA:27,0
DA:29,0
DA:30,0
DA:38,0
DA:39,0
DA:40,0
DA:48,0
DA:49,0
DA:50,0
DA:53,0
DA:57,0
DA:58,0
DA:59,0
DA:66,0
DA:67,0
DA:68,0
DA:69,0
DA:75,0
DA:92,0
DA:165,0
DA:178,0
DA:199,0
DA:217,0
DA:226,0
DA:242,0
DA:246,0
DA:252,0
LF:31
LH:1
BRDA:29,0,0,0
BRDA:29,0,1,0
BRDA:62,1,0,0
BRDA:62,1,1,0
BRDA:111,2,0,0
BRDA:111,2,1,0
BRDA:142,3,0,0
BRDA:142,3,1,0
BRDA:157,4,0,0
BRDA:157,4,1,0
BRDA:173,5,0,0
BRDA:173,5,1,0
BRF:12
BRH:0
end_of_record
TN:
SF:src\quizzer\QuizCard.tsx
FN:7,(anonymous_0)
FN:15,(anonymous_1)
FN:24,(anonymous_2)
FNF:3
FNH:2
FNDA:26,(anonymous_0)
FNDA:100,(anonymous_1)
FNDA:0,(anonymous_2)
DA:7,2
DA:14,26
DA:16,100
DA:19,26
DA:25,0
LF:5
LH:4
BRDA:16,0,0,100
BRDA:16,0,1,85
BRDA:16,0,2,45
BRDA:32,1,0,26
BRDA:32,1,1,0
BRF:5
BRH:4
end_of_record
TN:
SF:src\quizzer\QuizEdit.tsx
FN:9,(anonymous_0)
FN:24,(anonymous_1)
FN:27,(anonymous_2)
FN:31,(anonymous_3)
FN:34,(anonymous_4)
FN:38,(anonymous_5)
FN:42,(anonymous_6)
FN:46,(anonymous_7)
FN:64,(anonymous_8)
FN:81,(anonymous_9)
FN:96,(anonymous_10)
FN:104,(anonymous_11)
FN:120,(anonymous_12)
FN:146,(anonymous_13)
FN:159,(anonymous_14)
FNF:15
FNH:0
FNDA:0,(anonymous_0)
FNDA:0,(anonymous_1)
FNDA:0,(anonymous_2)
FNDA:0,(anonymous_3)
FNDA:0,(anonymous_4)
FNDA:0,(anonymous_5)
FNDA:0,(anonymous_6)
FNDA:0,(anonymous_7)
FNDA:0,(anonymous_8)
FNDA:0,(anonymous_9)
FNDA:0,(anonymous_10)
FNDA:0,(anonymous_11)
FNDA:0,(anonymous_12)
FNDA:0,(anonymous_13)
FNDA:0,(anonymous_14)
DA:9,2
DA:22,0
DA:24,0
DA:25,0
DA:27,0
DA:31,0
DA:32,0
DA:34,0
DA:38,0
DA:39,0
DA:42,0
DA:43,0
DA:47,0
DA:48,0
DA:49,0
DA:55,0
DA:67,0
DA:84,0
DA:97,0
DA:105,0
DA:121,0
DA:147,0
DA:148,0
DA:160,0
DA:161,0
LF:25
LH:1
BRDA:27,0,0,0
BRDA:27,0,1,0
BRDA:47,1,0,0
BRDA:47,1,1,0
BRDA:48,2,0,0
BRDA:48,2,1,0
BRF:6
BRH:0
end_of_record
TN:
SF:src\quizzer\QuizExpanded.tsx
FN:9,(anonymous_0)
FN:21,(anonymous_1)
FN:30,(anonymous_2)
FN:37,(anonymous_3)
FN:41,(anonymous_4)
FN:42,(anonymous_5)
FN:45,(anonymous_6)
FN:50,(anonymous_7)
FN:57,(anonymous_8)
FN:60,(anonymous_9)
FN:81,(anonymous_10)
FN:98,(anonymous_11)
FN:105,(anonymous_12)
FNF:13
FNH:0
FNDA:0,(anonymous_0)
FNDA:0,(anonymous_1)
FNDA:0,(anonymous_2)
FNDA:0,(anonymous_3)
FNDA:0,(anonymous_4)
FNDA:0,(anonymous_5)
FNDA:0,(anonymous_6)
FNDA:0,(anonymous_7)
FNDA:0,(anonymous_8)
FNDA:0,(anonymous_9)
FNDA:0,(anonymous_10)
FNDA:0,(anonymous_11)
FNDA:0,(anonymous_12)
DA:9,2
DA:20,0
DA:22,0
DA:25,0
DA:26,0
DA:30,0
DA:31,0
DA:32,0
DA:33,0
DA:36,0
DA:37,0
DA:41,0
DA:42,0
DA:45,0
DA:46,0
DA:47,0
DA:50,0
DA:54,0
DA:57,0
DA:58,0
DA:60,0
DA:67,0
DA:82,0
DA:83,0
DA:99,0
DA:105,0
LF:26
LH:1
BRDA:22,0,0,0
BRDA:22,0,1,0
BRDA:22,0,2,0
BRDA:62,1,0,0
BRDA:62,1,1,0
BRDA:74,2,0,0
BRDA:74,2,1,0
BRF:7
BRH:0
end_of_record
TN:
SF:src\quizzer\QuizList.tsx
FN:8,(anonymous_0)
FN:17,(anonymous_1)
FN:21,(anonymous_2)
FN:29,(anonymous_3)
FN:41,(anonymous_4)
FNF:5
FNH:3
FNDA:5,(anonymous_0)
FNDA:0,(anonymous_1)
FNDA:0,(anonymous_2)
FNDA:26,(anonymous_3)
FNDA:26,(anonymous_4)
DA:8,2
DA:15,5
DA:17,5
DA:18,0
DA:21,5
DA:22,0
DA:25,5
DA:30,26
DA:42,26
DA:43,0
DA:53,26
LF:11
LH:8
BRDA:27,0,0,5
BRDA:27,0,1,5
BRDA:42,1,0,0
BRDA:42,1,1,26
BRF:4
BRH:3
end_of_record
TN:
SF:src\quizzer\QuizQuestion.tsx
FN:8,(anonymous_0)
FN:23,(anonymous_1)
FN:29,(anonymous_2)
FN:61,(anonymous_3)
FNF:4
FNH:0
FNDA:0,(anonymous_0)
FNDA:0,(anonymous_1)
FNDA:0,(anonymous_2)
FNDA:0,(anonymous_3)
DA:8,2
DA:23,0
DA:24,0
DA:25,0
DA:29,0
DA:30,0
DA:31,0
DA:32,0
DA:36,0
DA:62,0
LF:10
LH:1
BRDA:24,0,0,0
BRDA:24,0,1,0
BRDA:31,1,0,0
BRDA:31,1,1,0
BRDA:45,2,0,0
BRDA:45,2,1,0
BRDA:49,3,0,0
BRDA:49,3,1,0
BRDA:58,4,0,0
BRDA:58,4,1,0
BRDA:76,5,0,0
BRDA:76,5,1,0
BRDA:77,6,0,0
BRDA:77,6,1,0
BRF:14
BRH:0
end_of_record
TN:
SF:src\quizzer\QuizView.tsx
FN:8,(anonymous_0)
FN:21,(anonymous_1)
FNF:2
FNH:0
FNDA:0,(anonymous_0)
FNDA:0,(anonymous_1)
DA:8,2
DA:19,0
DA:21,0
DA:22,0
DA:25,0
LF:5
LH:1
BRDA:27,0,0,0
BRDA:27,0,1,0
BRDA:36,1,0,0
BRDA:36,1,1,0
BRF:4
BRH:0
end_of_record
TN:
SF:src\quizzer\Quizzer.tsx
FN:11,(anonymous_0)
FN:14,(anonymous_1)
FN:23,(anonymous_2)
FN:27,editQuiz
FN:29,(anonymous_4)
FN:33,addQuiz
FN:37,deleteQuiz
FN:38,(anonymous_7)
FN:41,(anonymous_8)
FN:42,(anonymous_9)
FNF:10
FNH:6
FNDA:10,(anonymous_0)
FNDA:40,(anonymous_1)
FNDA:5,(anonymous_2)
FNDA:0,editQuiz
FNDA:0,(anonymous_4)
FNDA:1,addQuiz
FNDA:0,deleteQuiz
FNDA:0,(anonymous_7)
FNDA:1,(anonymous_8)
FNDA:1,(anonymous_9)
DA:10,2
DA:11,10
DA:14,40
DA:23,2
DA:24,5
DA:25,5
DA:28,0
DA:29,0
DA:34,1
DA:38,0
DA:41,5
DA:42,5
DA:44,5
LF:13
LH:10
BRDA:29,0,0,0
BRDA:29,0,1,0
BRF:2
BRH:0
end_of_record
